========================================================================================
Report      : INFO
Date        : 2019-10-07T09:40:35-0300
Description : ---------------------------------------------------------------
              -- The service is using the following configuration settings --
              ---------------------------------------------------------------
              Domain (id)          : ospl_sp_ddsi (0)
              Storage              : 0 Kbytes
              Storage threshold    : 1024 Kbytes
              Storage address      : Not available
              Locking              : default
              Memory mode          : Heap memory
              Builtin topics       : true
              Priority inheritance : false
              SystemId             : 1766541579 from [1,2147483647]
Node        : lcmuniz-note
Process     : java <13334>
Thread      : spliced 7f16dabde700
Internals   : 6.9.190705OSS/e85f0aa3/e85f0aa3/The OpenSplice domain service/u_domain.c/785/0/1570452035.722411461/0
========================================================================================
Report      : INFO
Date        : 2019-10-07T09:40:35-0300
Description : Service cmsoap disabled
Node        : lcmuniz-note
Process     : java <13334>
Thread      : spliced 7f16dabde700
Internals   : 6.9.190705OSS/e85f0aa3/e85f0aa3/OpenSplice domain service/sr_componentInfo.c/446/0/1570452035.722579061/0
========================================================================================
Report      : INFO
Date        : 2019-10-07T09:40:35-0300
Description : ++++++++++++++++++++++++++++++++++++++++++++++++
              ++ The service 'splicedaemon' is now operational. 
              ++++++++++++++++++++++++++++++++++++++++++++++++
Node        : lcmuniz-note
Process     : java <13334>
Thread      : spliced 7f16dabde700
Internals   : 6.9.190705OSS/e85f0aa3/e85f0aa3/v_serviceChangeState/v_service.c/266/0/1570452035.722838755/0
========================================================================================
Report      : WARNING
Date        : 2019-10-07T09:40:35-0300
Description : using network interface wlp5s0 (172.29.43.49) selected arbitrarily from: wlp5s0, br-3114d4daeb9e, docker0, br-f09924138082, br-1ee8ad592bf7, vmnet1, vmnet8

Node        : lcmuniz-note
Process     : java <13334>
Thread      : ddsi2 7f166ffff700
Internals   : 6.9.190705OSS/e85f0aa3/e85f0aa3/ddsi2/q_nwif.c/989/0/1570452035.733196621/0
========================================================================================
Report      : INFO
Date        : 2019-10-07T09:40:35-0300
Description : ++++++++++++++++++++++++++++++++++++++++++++++++
              ++ The service 'ddsi2' is now operational. 
              ++++++++++++++++++++++++++++++++++++++++++++++++
Node        : lcmuniz-note
Process     : java <13334>
Thread      : ddsi2 7f166ffff700
Internals   : 6.9.190705OSS/e85f0aa3/e85f0aa3/v_serviceChangeState/v_service.c/266/0/1570452035.736490561/0
========================================================================================
Report      : INFO
Date        : 2019-10-07T09:40:36-0300
Description : The durability service can be identified by ID: 1766541579
Node        : lcmuniz-note
Process     : java <13334>
Thread      : durability 7f16b8132700
Internals   : 6.9.190705OSS/e85f0aa3/e85f0aa3/DurabilityService/d_durability.c/554/0/1570452036.039760096/0
========================================================================================
Report      : INFO
Date        : 2019-10-07T09:40:43-0300
Description : ++++++++++++++++++++++++++++++++++++++++++++++++
              ++ The service 'durability' is now operational. 
              ++++++++++++++++++++++++++++++++++++++++++++++++
Node        : lcmuniz-note
Process     : java <13334>
Thread      : conflictResolver 7f166fefe700
Internals   : 6.9.190705OSS/e85f0aa3/e85f0aa3/v_serviceChangeState/v_service.c/266/0/1570452043.324548878/0
========================================================================================
Report      : INFO
Date        : 2019-10-07T14:02:34-0300
Description : Missed heartbeat for node 2142226091. (DCPSPublication is complete)
Node        : lcmuniz-note
Process     : java <13334>
Thread      : OSPL Garbage Collector 7f16b8be9700
Internals   : 6.9.190705OSS/e85f0aa3/e85f0aa3/v_spliced/v_spliced.c/2062/769/1570467754.212528682/0
jsadljlsakdjsakld========================================================================================
Report      : INFO
Date        : 2019-10-07T19:14:36-0300
Description : ---------------------------------------------------------------
              -- The service is using the following configuration settings --
              ---------------------------------------------------------------
              Domain (id)          : ospl_sp_ddsi (0)
              Storage              : 0 Kbytes
              Storage threshold    : 1024 Kbytes
              Storage address      : Not available
              Locking              : default
              Memory mode          : Heap memory
              Builtin topics       : true
              Priority inheritance : false
              SystemId             : 1302898492 from [1,2147483647]
Node        : lcmuniz-note
Process     : java <15216>
Thread      : spliced 7fd30f87e700
Internals   : 6.9.190705OSS/e85f0aa3/e85f0aa3/The OpenSplice domain service/u_domain.c/785/0/1570486476.924665397/0
========================================================================================
Report      : INFO
Date        : 2019-10-07T19:14:36-0300
Description : Service cmsoap disabled
Node        : lcmuniz-note
Process     : java <15216>
Thread      : spliced 7fd30f87e700
Internals   : 6.9.190705OSS/e85f0aa3/e85f0aa3/OpenSplice domain service/sr_componentInfo.c/446/0/1570486476.924849082/0
========================================================================================
Report      : INFO
Date        : 2019-10-07T19:14:36-0300
Description : ++++++++++++++++++++++++++++++++++++++++++++++++
              ++ The service 'splicedaemon' is now operational. 
              ++++++++++++++++++++++++++++++++++++++++++++++++
Node        : lcmuniz-note
Process     : java <15216>
Thread      : spliced 7fd30f87e700
Internals   : 6.9.190705OSS/e85f0aa3/e85f0aa3/v_serviceChangeState/v_service.c/266/0/1570486476.925087063/0
========================================================================================
Report      : WARNING
Date        : 2019-10-07T19:14:36-0300
Description : using network interface wlp5s0 (192.168.43.141) selected arbitrarily from: wlp5s0, br-3114d4daeb9e, docker0, br-f09924138082, br-1ee8ad592bf7, vmnet1, vmnet8

Node        : lcmuniz-note
Process     : java <15216>
Thread      : ddsi2 7fd2e8686700
Internals   : 6.9.190705OSS/e85f0aa3/e85f0aa3/ddsi2/q_nwif.c/989/0/1570486476.936120935/0
========================================================================================
Report      : INFO
Date        : 2019-10-07T19:14:36-0300
Description : ++++++++++++++++++++++++++++++++++++++++++++++++
              ++ The service 'ddsi2' is now operational. 
              ++++++++++++++++++++++++++++++++++++++++++++++++
Node        : lcmuniz-note
Process     : java <15216>
Thread      : ddsi2 7fd2e8686700
Internals   : 6.9.190705OSS/e85f0aa3/e85f0aa3/v_serviceChangeState/v_service.c/266/0/1570486476.939172011/0
========================================================================================
Report      : INFO
Date        : 2019-10-07T19:14:37-0300
Description : The durability service can be identified by ID: 1302898492
Node        : lcmuniz-note
Process     : java <15216>
Thread      : durability 7fd2e8a2a700
Internals   : 6.9.190705OSS/e85f0aa3/e85f0aa3/DurabilityService/d_durability.c/554/0/1570486477.340655067/0
========================================================================================
Report      : INFO
Date        : 2019-10-07T19:14:44-0300
Description : ++++++++++++++++++++++++++++++++++++++++++++++++
              ++ The service 'durability' is now operational. 
              ++++++++++++++++++++++++++++++++++++++++++++++++
Node        : lcmuniz-note
Process     : java <15216>
Thread      : conflictResolver 7fd2e84b9700
Internals   : 6.9.190705OSS/e85f0aa3/e85f0aa3/v_serviceChangeState/v_service.c/266/0/1570486484.516545729/0
